Using pre-set license
Built from '2020.3/staging' branch; Version is '2020.3.6f1 (338bb68529b2) revision 3378102'; Using compiler version '192528614'; Build Type 'Release'
OS: 'Windows 10 Pro; OS build 19042.1237; Version 2009; 64bit' Language: 'pt' Physical Memory: 8052 MB
BatchMode: 1, IsHumanControllingUs: 0, StartBugReporterOnCrash: 0, Is64bit: 1, IsPro: 0

 COMMAND LINE ARGUMENTS:
C:\Program Files\Unity\Hub\Editor\2020.3.6f1\Editor\Unity.exe
-adb2
-batchMode
-noUpm
-name
AssetImportWorker3
-projectPath
C:/Users/Eduardo/Documents/Trabalhos_Games/A_Lenda_Do_Viajante
-logFile
Logs/AssetImportWorker3.log
-srvPort
51188
Successfully changed project path to: C:/Users/Eduardo/Documents/Trabalhos_Games/A_Lenda_Do_Viajante
C:/Users/Eduardo/Documents/Trabalhos_Games/A_Lenda_Do_Viajante
Using Asset Import Pipeline V2.
Refreshing native plugins compatible for Editor in 102.65 ms, found 1 plugins.
Preloading 0 native plugins for Editor in 0.00 ms.
Initialize engine version: 2020.3.6f1 (338bb68529b2)
[Subsystems] Discovering subsystems at path C:/Program Files/Unity/Hub/Editor/2020.3.6f1/Editor/Data/Resources/UnitySubsystems
[Subsystems] Discovering subsystems at path C:/Users/Eduardo/Documents/Trabalhos_Games/A_Lenda_Do_Viajante/Assets
GfxDevice: creating device client; threaded=0
Direct3D:
    Version:  Direct3D 11.0 [level 11.1]
    Renderer: Intel(R) HD Graphics 520 (ID=0x1916)
    Vendor:   
    VRAM:     4026 MB
    Driver:   24.20.100.6286
Initialize mono
Mono path[0] = 'C:/Program Files/Unity/Hub/Editor/2020.3.6f1/Editor/Data/Managed'
Mono path[1] = 'C:/Program Files/Unity/Hub/Editor/2020.3.6f1/Editor/Data/MonoBleedingEdge/lib/mono/unityjit'
Mono config path = 'C:/Program Files/Unity/Hub/Editor/2020.3.6f1/Editor/Data/MonoBleedingEdge/etc'
Using monoOptions --debugger-agent=transport=dt_socket,embedding=1,server=y,suspend=n,address=127.0.0.1:56432
Begin MonoManager ReloadAssembly
Registering precompiled unity dll's ...
Register platform support module: C:/Program Files/Unity/Hub/Editor/2020.3.6f1/Editor/Data/PlaybackEngines/WindowsStandaloneSupport/UnityEditor.WindowsStandalone.Extensions.dll
Registered in 0.012437 seconds.
Native extension for WindowsStandalone target not found
Refreshing native plugins compatible for Editor in 71.29 ms, found 1 plugins.
Preloading 0 native plugins for Editor in 0.00 ms.
Mono: successfully reloaded assembly
- Completed reload, in  2.804 seconds
Platform modules already initialized, skipping
Registering precompiled user dll's ...
Registered in 0.002750 seconds.
Begin MonoManager ReloadAssembly
Native extension for WindowsStandalone target not found
Refreshing native plugins compatible for Editor in 149.57 ms, found 1 plugins.
Preloading 0 native plugins for Editor in 0.00 ms.
Mono: successfully reloaded assembly
- Completed reload, in  3.860 seconds
Platform modules already initialized, skipping
========================================================================
Worker process is ready to serve import requests
Launched and connected shader compiler UnityShaderCompiler.exe after 0.23 seconds
Refreshing native plugins compatible for Editor in 1.21 ms, found 1 plugins.
Preloading 0 native plugins for Editor in 0.00 ms.
Unloading 1831 Unused Serialized files (Serialized files now loaded: 0)
System memory in use before: 91.5 MB.
System memory in use after: 91.4 MB.

Unloading 23 unused Assets to reduce memory usage. Loaded Objects now: 2290.
Total: 5.846100 ms (FindLiveObjects: 0.679300 ms CreateObjectMapping: 0.221500 ms MarkObjects: 4.318100 ms  DeleteObjects: 0.624400 ms)

========================================================================
Received Import Request.
  path: Assets/Scenes/SampleScene.unity
  artifactKey: Guid(2cda990e2423bbf4892e6590ba056729) Importer(815301076,1909f56bfc062723c751e8b465ee728b)
Start importing Assets/Scenes/SampleScene.unity using Guid(2cda990e2423bbf4892e6590ba056729) Importer(815301076,1909f56bfc062723c751e8b465ee728b)  -> (artifact id: '571f846068e573890ef13c85b7bf238f') in 0.079664 seconds
  Import took 0.127032 seconds .

========================================================================
Received Import Request.
  Time since last request: 302.889084 seconds.
  path: Assets/Prefebs/ol.blur.stonePillar.prefab
  artifactKey: Guid(5b3ec77012225e54bab2ac1b913359dc) Importer(815301076,1909f56bfc062723c751e8b465ee728b)
Start importing Assets/Prefebs/ol.blur.stonePillar.prefab using Guid(5b3ec77012225e54bab2ac1b913359dc) Importer(815301076,1909f56bfc062723c751e8b465ee728b)  -> (artifact id: 'c7b62f22aaad59c919b9460d36c39a9a') in 0.442606 seconds
  Import took 0.476054 seconds .

========================================================================
Received Import Request.
  Time since last request: 0.807397 seconds.
  path: Assets/Prefebs/scale.prefab
  artifactKey: Guid(c903c69ceb94cd4458696070ab346c94) Importer(815301076,1909f56bfc062723c751e8b465ee728b)
Start importing Assets/Prefebs/scale.prefab using Guid(c903c69ceb94cd4458696070ab346c94) Importer(815301076,1909f56bfc062723c751e8b465ee728b)  -> (artifact id: '29c12888b87ffbb2127f9e07d123e38b') in 0.067512 seconds
  Import took 0.099373 seconds .

========================================================================
Received Import Request.
  Time since last request: 0.027688 seconds.
  path: Assets/Prefebs/scale.prefab
  artifactKey: Guid(c903c69ceb94cd4458696070ab346c94) Importer(815301076,1909f56bfc062723c751e8b465ee728b)
Start importing Assets/Prefebs/scale.prefab using Guid(c903c69ceb94cd4458696070ab346c94) Importer(815301076,1909f56bfc062723c751e8b465ee728b)  -> (artifact id: '29c12888b87ffbb2127f9e07d123e38b') in 0.034514 seconds
  Import took 0.054027 seconds .

========================================================================
Received Import Request.
  Time since last request: 1.096078 seconds.
  path: Assets/Prefebs/tree02.full.prefab
  artifactKey: Guid(4c170c9c612346943a62b950ba5e437a) Importer(815301076,1909f56bfc062723c751e8b465ee728b)
Start importing Assets/Prefebs/tree02.full.prefab using Guid(4c170c9c612346943a62b950ba5e437a) Importer(815301076,1909f56bfc062723c751e8b465ee728b)  -> (artifact id: '1a70cb24abe3dea46321eb69c10dd6ce') in 0.159586 seconds
  Import took 0.182134 seconds .

========================================================================
Received Import Request.
  Time since last request: 1.093350 seconds.
  path: Assets/Prefebs/tree01.full.prefab
  artifactKey: Guid(9a190cb9b98a3e74d84263ab5abc6c15) Importer(815301076,1909f56bfc062723c751e8b465ee728b)
Start importing Assets/Prefebs/tree01.full.prefab using Guid(9a190cb9b98a3e74d84263ab5abc6c15) Importer(815301076,1909f56bfc062723c751e8b465ee728b)  -> (artifact id: '509530eb84c9023ff7fcc37bab9ddf67') in 0.087199 seconds
  Import took 0.099230 seconds .

========================================================================
Received Import Request.
  Time since last request: 1.254210 seconds.
  path: Assets/Prefebs/cloud.Small.prefab
  artifactKey: Guid(4d35030d5fed5dc4190b33730b8ad672) Importer(815301076,1909f56bfc062723c751e8b465ee728b)
Start importing Assets/Prefebs/cloud.Small.prefab using Guid(4d35030d5fed5dc4190b33730b8ad672) Importer(815301076,1909f56bfc062723c751e8b465ee728b)  -> (artifact id: '1f616515cdc875d46be644cfb9849039') in 0.162081 seconds
  Import took 0.200005 seconds .

========================================================================
Received Import Request.
  Time since last request: 0.932925 seconds.
  path: Assets/Prefebs/cloud.mediumSmall.prefab
  artifactKey: Guid(c08e9e0ca288bfb4e982b19b2746136e) Importer(815301076,1909f56bfc062723c751e8b465ee728b)
Start importing Assets/Prefebs/cloud.mediumSmall.prefab using Guid(c08e9e0ca288bfb4e982b19b2746136e) Importer(815301076,1909f56bfc062723c751e8b465ee728b)  -> (artifact id: '15705a2e775ec956a384be94e0b4c30f') in 0.099193 seconds
  Import took 0.118060 seconds .

========================================================================
Received Import Request.
  Time since last request: 0.015035 seconds.
  path: Assets/Prefebs/cloud.mediumSmall.prefab
  artifactKey: Guid(c08e9e0ca288bfb4e982b19b2746136e) Importer(815301076,1909f56bfc062723c751e8b465ee728b)
Start importing Assets/Prefebs/cloud.mediumSmall.prefab using Guid(c08e9e0ca288bfb4e982b19b2746136e) Importer(815301076,1909f56bfc062723c751e8b465ee728b)  -> (artifact id: '15705a2e775ec956a384be94e0b4c30f') in 0.028352 seconds
  Import took 0.051360 seconds .

========================================================================
Received Import Request.
  Time since last request: 0.948367 seconds.
  path: Assets/Prefebs/cloud.medium.prefab
  artifactKey: Guid(6131dcfa3f552ec4a93baba0aecda754) Importer(815301076,1909f56bfc062723c751e8b465ee728b)
Start importing Assets/Prefebs/cloud.medium.prefab using Guid(6131dcfa3f552ec4a93baba0aecda754) Importer(815301076,1909f56bfc062723c751e8b465ee728b)  -> (artifact id: 'f2742ff6ae4920ace331e8f6f941ca50') in 0.113540 seconds
  Import took 0.137985 seconds .

========================================================================
Received Import Request.
  Time since last request: 1.667526 seconds.
  path: Assets/Prefebs/cloud.big.prefab
  artifactKey: Guid(b0503a2ccbe325748b084ee644c16964) Importer(815301076,1909f56bfc062723c751e8b465ee728b)
Start importing Assets/Prefebs/cloud.big.prefab using Guid(b0503a2ccbe325748b084ee644c16964) Importer(815301076,1909f56bfc062723c751e8b465ee728b)  -> (artifact id: '3cb1bb0637bf1ceca6715c7f8fbb84c9') in 0.110279 seconds
  Import took 0.149174 seconds .

========================================================================
Received Import Request.
  Time since last request: 0.992335 seconds.
  path: Assets/Prefebs/bg.planet.big.light.prefab
  artifactKey: Guid(564be5f364a162244aba61b883607979) Importer(815301076,1909f56bfc062723c751e8b465ee728b)
Start importing Assets/Prefebs/bg.planet.big.light.prefab using Guid(564be5f364a162244aba61b883607979) Importer(815301076,1909f56bfc062723c751e8b465ee728b)  -> (artifact id: '61d43f0ccd8829c697fe77ee0fafc097') in 0.086517 seconds
  Import took 0.097382 seconds .

========================================================================
Received Import Request.
  Time since last request: 0.006336 seconds.
  path: Assets/Prefebs/bg.planet.big.light.prefab
  artifactKey: Guid(564be5f364a162244aba61b883607979) Importer(815301076,1909f56bfc062723c751e8b465ee728b)
Start importing Assets/Prefebs/bg.planet.big.light.prefab using Guid(564be5f364a162244aba61b883607979) Importer(815301076,1909f56bfc062723c751e8b465ee728b)  -> (artifact id: '61d43f0ccd8829c697fe77ee0fafc097') in 0.066406 seconds
  Import took 0.087751 seconds .

========================================================================
Received Import Request.
  Time since last request: 1.225778 seconds.
  path: Assets/Prefebs/bg.planet.small.light.prefab
  artifactKey: Guid(40dcc8a42f16e6f48b69390b862415fa) Importer(815301076,1909f56bfc062723c751e8b465ee728b)
Start importing Assets/Prefebs/bg.planet.small.light.prefab using Guid(40dcc8a42f16e6f48b69390b862415fa) Importer(815301076,1909f56bfc062723c751e8b465ee728b)  -> (artifact id: '3e4c2d61e07375bcc70a3ebdf05a3e41') in 0.135217 seconds
  Import took 0.166964 seconds .

========================================================================
Received Import Request.
  Time since last request: 1.240536 seconds.
  path: Assets/Prefebs/bg.planet.big.dark.prefab
  artifactKey: Guid(90d6bb90a81349c4f8fcdb36d161a419) Importer(815301076,1909f56bfc062723c751e8b465ee728b)
Start importing Assets/Prefebs/bg.planet.big.dark.prefab using Guid(90d6bb90a81349c4f8fcdb36d161a419) Importer(815301076,1909f56bfc062723c751e8b465ee728b)  -> (artifact id: 'ab8565a60452a95279d2664a182807db') in 0.068457 seconds
  Import took 0.099279 seconds .

========================================================================
Received Import Request.
  Time since last request: 0.005639 seconds.
  path: Assets/Prefebs/bg.planet.big.dark.prefab
  artifactKey: Guid(90d6bb90a81349c4f8fcdb36d161a419) Importer(815301076,1909f56bfc062723c751e8b465ee728b)
Start importing Assets/Prefebs/bg.planet.big.dark.prefab using Guid(90d6bb90a81349c4f8fcdb36d161a419) Importer(815301076,1909f56bfc062723c751e8b465ee728b)  -> (artifact id: 'ab8565a60452a95279d2664a182807db') in 0.044995 seconds
  Import took 0.053323 seconds .

========================================================================
Received Import Request.
  Time since last request: 1.089568 seconds.
  path: Assets/Prefebs/bg.planet.small.dark.prefab
  artifactKey: Guid(c26ccd9aea9e79946b388865a275708c) Importer(815301076,1909f56bfc062723c751e8b465ee728b)
Start importing Assets/Prefebs/bg.planet.small.dark.prefab using Guid(c26ccd9aea9e79946b388865a275708c) Importer(815301076,1909f56bfc062723c751e8b465ee728b)  -> (artifact id: '23ef6f2f4cacbd13e91c846aef948f3b') in 0.074448 seconds
  Import took 0.111229 seconds .

========================================================================
Received Import Request.
  Time since last request: 0.024733 seconds.
  path: Assets/Prefebs/bg.planet.small.dark.prefab
  artifactKey: Guid(c26ccd9aea9e79946b388865a275708c) Importer(815301076,1909f56bfc062723c751e8b465ee728b)
Start importing Assets/Prefebs/bg.planet.small.dark.prefab using Guid(c26ccd9aea9e79946b388865a275708c) Importer(815301076,1909f56bfc062723c751e8b465ee728b)  -> (artifact id: '23ef6f2f4cacbd13e91c846aef948f3b') in 0.030015 seconds
  Import took 0.044457 seconds .

========================================================================
Received Import Request.
  Time since last request: 1.017181 seconds.
  path: Assets/Prefebs/Main Camera.prefab
  artifactKey: Guid(ab3d7d2eca7237a4f955ce4aa1b4b95c) Importer(815301076,1909f56bfc062723c751e8b465ee728b)
Start importing Assets/Prefebs/Main Camera.prefab using Guid(ab3d7d2eca7237a4f955ce4aa1b4b95c) Importer(815301076,1909f56bfc062723c751e8b465ee728b)  -> (artifact id: '3a6630eb44de2ad5ed27b30c157f7c76') in 0.022799 seconds
  Import took 0.049316 seconds .

========================================================================
Received Import Request.
  Time since last request: 0.011362 seconds.
  path: Assets/Prefebs/Main Camera.prefab
  artifactKey: Guid(ab3d7d2eca7237a4f955ce4aa1b4b95c) Importer(815301076,1909f56bfc062723c751e8b465ee728b)
Start importing Assets/Prefebs/Main Camera.prefab using Guid(ab3d7d2eca7237a4f955ce4aa1b4b95c) Importer(815301076,1909f56bfc062723c751e8b465ee728b)  -> (artifact id: '3a6630eb44de2ad5ed27b30c157f7c76') in 0.012723 seconds
  Import took 0.031587 seconds .

========================================================================
Received Import Request.
  Time since last request: 551.879270 seconds.
  path: Assets/Sprites/Content/Characters/Klin
  artifactKey: Guid(0e44c532b504b1b489de70cd9202640e) Importer(815301076,1909f56bfc062723c751e8b465ee728b)
Start importing Assets/Sprites/Content/Characters/Klin using Guid(0e44c532b504b1b489de70cd9202640e) Importer(815301076,1909f56bfc062723c751e8b465ee728b)  -> (artifact id: '4571eb186025b26683e440c2e654d12c') in 0.021537 seconds
  Import took 0.042163 seconds .

========================================================================
Received Import Request.
  Time since last request: 0.002298 seconds.
  path: Assets/Sprites/Content/Characters/Klin
  artifactKey: Guid(0e44c532b504b1b489de70cd9202640e) Importer(815301076,1909f56bfc062723c751e8b465ee728b)
Start importing Assets/Sprites/Content/Characters/Klin using Guid(0e44c532b504b1b489de70cd9202640e) Importer(815301076,1909f56bfc062723c751e8b465ee728b)  -> (artifact id: '4571eb186025b26683e440c2e654d12c') in 0.005039 seconds
  Import took 0.019600 seconds .

========================================================================
Received Import Request.
  Time since last request: 99.126156 seconds.
  path: Assets/Sprites/Content/Characters/Klin/klin.controller
  artifactKey: Guid(027a79dcd7f9e4c429c7a794e19d5c27) Importer(815301076,1909f56bfc062723c751e8b465ee728b)
Start importing Assets/Sprites/Content/Characters/Klin/klin.controller using Guid(027a79dcd7f9e4c429c7a794e19d5c27) Importer(815301076,1909f56bfc062723c751e8b465ee728b) '.' is not allowed in State name

'.' is not allowed in State name

'.' is not allowed in State name

'.' is not allowed in State name

'.' is not allowed in State name

'.' is not allowed in State name

'.' is not allowed in State name

'.' is not allowed in State name

'.' is not allowed in State name

 -> (artifact id: '4cfbcd8a8fe5d94946c34f000a65c881') in 0.036760 seconds
  Import took 0.047257 seconds .

========================================================================
Received Import Request.
  Time since last request: 26.078395 seconds.
  path: Assets/Sprites/Content/Characters/Klin/klin.climb.anim
  artifactKey: Guid(5da09fd9512c940eabeeb8ec23595214) Importer(815301076,1909f56bfc062723c751e8b465ee728b)
Start importing Assets/Sprites/Content/Characters/Klin/klin.climb.anim using Guid(5da09fd9512c940eabeeb8ec23595214) Importer(815301076,1909f56bfc062723c751e8b465ee728b)  -> (artifact id: 'ea26d2d8f3e63f7841362d52a71ed196') in 0.017352 seconds
  Import took 0.055633 seconds .

========================================================================
Received Import Request.
  Time since last request: 0.112987 seconds.
  path: Assets/Sprites/Content/Characters/Klin/klin.climb.anim
  artifactKey: Guid(5da09fd9512c940eabeeb8ec23595214) Importer(815301076,1909f56bfc062723c751e8b465ee728b)
Start importing Assets/Sprites/Content/Characters/Klin/klin.climb.anim using Guid(5da09fd9512c940eabeeb8ec23595214) Importer(815301076,1909f56bfc062723c751e8b465ee728b)  -> (artifact id: 'ea26d2d8f3e63f7841362d52a71ed196') in 0.013456 seconds
  Import took 0.021955 seconds .

========================================================================
Received Import Request.
  Time since last request: 7.646488 seconds.
  path: Assets/Sprites/Content/Characters/Klin/klin.crouch.anim
  artifactKey: Guid(1090e642f34f745cda4663adf6dca209) Importer(815301076,1909f56bfc062723c751e8b465ee728b)
Start importing Assets/Sprites/Content/Characters/Klin/klin.crouch.anim using Guid(1090e642f34f745cda4663adf6dca209) Importer(815301076,1909f56bfc062723c751e8b465ee728b)  -> (artifact id: '6c43acbfa58f095b3281bd8411b821a7') in 0.025738 seconds
  Import took 0.134421 seconds .

========================================================================
Received Import Request.
  Time since last request: 39.822264 seconds.
  path: Assets/Prefebs/platform.big.prefab
  artifactKey: Guid(f7883b013bf74d546b89b8f77a0205cb) Importer(815301076,1909f56bfc062723c751e8b465ee728b)
Start importing Assets/Prefebs/platform.big.prefab using Guid(f7883b013bf74d546b89b8f77a0205cb) Importer(815301076,1909f56bfc062723c751e8b465ee728b)  -> (artifact id: 'f3924e6fd7878ce11d1421777b1faffd') in 0.051145 seconds
  Import took 0.060155 seconds .

AssetImportWorkerClient::OnTransportError - code=2 error=End of file
